<?xml version="1.0" encoding="UTF-8"?>
<robot generator="Robot 5.0.1 (Python 3.10.6 on win32)" generated="20221114 16:10:35.985" rpa="false" schemaversion="3">
<suite id="s1" name="Tarefa 1" source="c:\curosoRobot\CursoAvancado\Tarefa_1.robot">
<test id="s1-t1" name="Tarefa: Estude a library DiffLibrary e faça um teste utilizando ela" line="7">
<kw name="Usando o diff">
<kw name="Create File" library="OperatingSystem">
<arg>./my_files/arquivo_Diff1.txt</arg>
<arg>Teste utilizando Diff Library</arg>
<doc>Creates a file with the given content and encoding.</doc>
<msg timestamp="20221114 16:10:36.023" level="INFO" html="true">Created file '&lt;a href="file://C:\curosoRobot\my_files\arquivo_Diff1.txt"&gt;C:\curosoRobot\my_files\arquivo_Diff1.txt&lt;/a&gt;'.</msg>
<status status="PASS" starttime="20221114 16:10:36.021" endtime="20221114 16:10:36.024"/>
</kw>
<kw name="Create File" library="OperatingSystem">
<arg>./my_files/arquivo_Diff2.txt</arg>
<arg>Teste utilizando Diff Library diferente</arg>
<doc>Creates a file with the given content and encoding.</doc>
<msg timestamp="20221114 16:10:36.026" level="INFO" html="true">Created file '&lt;a href="file://C:\curosoRobot\my_files\arquivo_Diff2.txt"&gt;C:\curosoRobot\my_files\arquivo_Diff2.txt&lt;/a&gt;'.</msg>
<status status="PASS" starttime="20221114 16:10:36.025" endtime="20221114 16:10:36.026"/>
</kw>
<kw name="Get File" library="OperatingSystem">
<var>${diff1}</var>
<arg>./my_files/arquivo_Diff1.txt</arg>
<doc>Returns the contents of a specified file.</doc>
<msg timestamp="20221114 16:10:36.026" level="INFO" html="true">Getting file '&lt;a href="file://C:\curosoRobot\my_files\arquivo_Diff1.txt"&gt;C:\curosoRobot\my_files\arquivo_Diff1.txt&lt;/a&gt;'.</msg>
<msg timestamp="20221114 16:10:36.027" level="INFO">${diff1} = Teste utilizando Diff Library</msg>
<status status="PASS" starttime="20221114 16:10:36.026" endtime="20221114 16:10:36.027"/>
</kw>
<kw name="Get File" library="OperatingSystem">
<var>${diff2}</var>
<arg>./my_files/arquivo_Diff2.txt</arg>
<doc>Returns the contents of a specified file.</doc>
<msg timestamp="20221114 16:10:36.027" level="INFO" html="true">Getting file '&lt;a href="file://C:\curosoRobot\my_files\arquivo_Diff2.txt"&gt;C:\curosoRobot\my_files\arquivo_Diff2.txt&lt;/a&gt;'.</msg>
<msg timestamp="20221114 16:10:36.028" level="INFO">${diff2} = Teste utilizando Diff Library diferente</msg>
<status status="PASS" starttime="20221114 16:10:36.027" endtime="20221114 16:10:36.028"/>
</kw>
<kw name="Diff Files" library="DiffLibrary">
<arg>${diff1}</arg>
<arg>${diff2}</arg>
<arg>fail=false</arg>
<doc>Diff two text files</doc>
<msg timestamp="20221114 16:10:36.029" level="INFO">file1: Teste utilizando Diff Library</msg>
<msg timestamp="20221114 16:10:36.029" level="INFO">file2: Teste utilizando Diff Library diferente</msg>
<msg timestamp="20221114 16:10:36.029" level="INFO">Teste utilizando Diff Library doesn't exist</msg>
<status status="PASS" starttime="20221114 16:10:36.028" endtime="20221114 16:10:36.029"/>
</kw>
<status status="PASS" starttime="20221114 16:10:36.021" endtime="20221114 16:10:36.029"/>
</kw>
<tag>diff</tag>
<status status="PASS" starttime="20221114 16:10:36.020" endtime="20221114 16:10:36.031"/>
</test>
<status status="PASS" starttime="20221114 16:10:35.990" endtime="20221114 16:10:36.034"/>
</suite>
<statistics>
<total>
<stat pass="1" fail="0" skip="0">All Tests</stat>
</total>
<tag>
<stat pass="1" fail="0" skip="0">diff</stat>
</tag>
<suite>
<stat pass="1" fail="0" skip="0" id="s1" name="Tarefa 1">Tarefa 1</stat>
</suite>
</statistics>
<errors>
</errors>
</robot>
