<?xml version="1.0" encoding="UTF-8"?>
<robot generator="Robot 5.0.1 (Python 3.10.6 on win32)" generated="20221117 17:22:37.217" rpa="false" schemaversion="3">
<suite id="s1" name="Amazon Testes Gherkin Bdd" source="C:\curosoRobot\robotFramework\WebTesting\amazon_testes_gherkin_bdd.robot">
<test id="s1-t1" name="Caso de Teste 01 - Acesso ao menu &quot;Eletrônico&quot;" line="11">
<kw name="Abrir o navegador" library="amazon_resources" type="SETUP">
<kw name="Open Browser" library="SeleniumLibrary">
<arg>browser=${BROWSER}</arg>
<doc>Opens a new browser instance to the optional ``url``.</doc>
<msg timestamp="20221117 17:22:37.568" level="INFO">Opening browser 'CHROME' to base url 'None'.</msg>
<status status="PASS" starttime="20221117 17:22:37.568" endtime="20221117 17:22:39.027"/>
</kw>
<kw name="Maximize Browser Window" library="SeleniumLibrary">
<doc>Maximizes current browser window.</doc>
<status status="PASS" starttime="20221117 17:22:39.028" endtime="20221117 17:22:39.175"/>
</kw>
<kw name="Start Gif Recording" library="ScreenCapLibrary">
<doc>Starts the recording of a GIF in the background with the specified ``name``.
The recording can be stopped by calling the `Stop Gif Recording` keyword.</doc>
<status status="PASS" starttime="20221117 17:22:39.175" endtime="20221117 17:22:39.184"/>
</kw>
<status status="PASS" starttime="20221117 17:22:37.567" endtime="20221117 17:22:39.186"/>
</kw>
<kw name="Dado que estou na home page da Amazon.com.br" library="amazon_resources">
<kw name=" Acessar a home page do site Amazon.com.br" library="amazon_resources">
<kw name="Go To" library="SeleniumLibrary">
<arg>url=${URL}</arg>
<doc>Navigates the current browser window to the provided ``url``.</doc>
<msg timestamp="20221117 17:22:39.190" level="INFO">Opening url 'http://www.amazon.com.br'</msg>
<status status="PASS" starttime="20221117 17:22:39.189" endtime="20221117 17:22:49.569"/>
</kw>
<kw name="Wait Until Element Is Visible" library="SeleniumLibrary">
<arg>locator=${MENU_ELETRONICOS}</arg>
<doc>Waits until the element ``locator`` is visible.</doc>
<status status="PASS" starttime="20221117 17:22:49.570" endtime="20221117 17:22:49.623"/>
</kw>
<status status="PASS" starttime="20221117 17:22:39.189" endtime="20221117 17:22:49.623"/>
</kw>
<kw name="Verificar se o título da página fica &quot;Amazon.com.br | Tudo pra você, de A a Z.&quot;" library="amazon_resources" sourcename="Verificar se o título da página fica &quot;${TITULO}&quot;">
<kw name="Wait Until Page Contains" library="SeleniumLibrary">
<arg>text=${TITULO}</arg>
<doc>Waits until ``text`` appears on the current page.</doc>
<status status="PASS" starttime="20221117 17:22:49.624" endtime="20221117 17:22:49.641"/>
</kw>
<status status="PASS" starttime="20221117 17:22:49.624" endtime="20221117 17:22:49.641"/>
</kw>
<status status="PASS" starttime="20221117 17:22:39.188" endtime="20221117 17:22:49.641"/>
</kw>
<kw name="Quando acessar o menu &quot;Eletrônicos&quot;" library="amazon_resources">
<kw name="Entrar no menu &quot;Eletrônicos&quot;" library="amazon_resources">
<kw name="Click Element" library="SeleniumLibrary">
<arg>locator=${MENU_ELETRONICOS}</arg>
<doc>Click the element identified by ``locator``.</doc>
<msg timestamp="20221117 17:22:49.643" level="INFO">Clicking element '//a[@href='/Eletronicos-e-Tecnologia/b/?ie=UTF8&amp;node=16209062011&amp;ref_=nav_cs_electronics'][contains(.,'Eletrônicos')]'.</msg>
<status status="PASS" starttime="20221117 17:22:49.643" endtime="20221117 17:22:50.601"/>
</kw>
<status status="PASS" starttime="20221117 17:22:49.643" endtime="20221117 17:22:50.602"/>
</kw>
<status status="PASS" starttime="20221117 17:22:49.642" endtime="20221117 17:22:50.602"/>
</kw>
<kw name="Então o título da página deve ficar &quot;Eletrônicos e Tecnologia | Amazon.com.br&quot;" library="amazon_resources">
<kw name="Verificar se aparece a frase &quot;Eletrônicos e Tecnologia&quot;" library="amazon_resources" sourcename="Verificar se aparece a frase &quot;${FRASE}&quot;">
<kw name="Wait Until Page Contains" library="SeleniumLibrary">
<arg>text=${FRASE}</arg>
<doc>Waits until ``text`` appears on the current page.</doc>
<status status="PASS" starttime="20221117 17:22:50.611" endtime="20221117 17:22:51.016"/>
</kw>
<kw name="Wait Until Element Is Visible" library="SeleniumLibrary">
<arg>locator=${HEADER_ELETRONICOS}</arg>
<doc>Waits until the element ``locator`` is visible.</doc>
<status status="PASS" starttime="20221117 17:22:51.016" endtime="20221117 17:22:51.463"/>
</kw>
<status status="PASS" starttime="20221117 17:22:50.611" endtime="20221117 17:22:51.463"/>
</kw>
<status status="PASS" starttime="20221117 17:22:50.609" endtime="20221117 17:22:51.463"/>
</kw>
<kw name="E o texto &quot;Eletrônicos e Tecnologia&quot; deve ser exibido na página" library="amazon_resources">
<kw name="Verificar se o título da página fica &quot;Eletrônicos e Tecnologia | Amazon.com.br&quot;" library="amazon_resources" sourcename="Verificar se o título da página fica &quot;${TITULO}&quot;">
<kw name="Wait Until Page Contains" library="SeleniumLibrary">
<arg>text=${TITULO}</arg>
<doc>Waits until ``text`` appears on the current page.</doc>
<status status="PASS" starttime="20221117 17:22:51.465" endtime="20221117 17:22:51.556"/>
</kw>
<status status="PASS" starttime="20221117 17:22:51.465" endtime="20221117 17:22:51.556"/>
</kw>
<status status="PASS" starttime="20221117 17:22:51.464" endtime="20221117 17:22:51.556"/>
</kw>
<kw name="E a categoria &quot;Computadores e Informática&quot; deve ser exibida na página" library="amazon_resources">
<kw name="Verificar se aparece a categoria &quot;Computadores e Informática&quot;" library="amazon_resources" sourcename="Verificar se aparece a categoria &quot;${NOME_CATEGORIA}&quot;">
<tag>busca_produtos lista_busca</tag>
<kw name="Element Should Be Visible" library="SeleniumLibrary">
<arg>locator=//a[@aria-label="Computadores e Informática"]</arg>
<doc>Verifies that the element identified by ``locator`` is visible.</doc>
<msg timestamp="20221117 17:22:51.673" level="INFO">Element '//a[@aria-label="Computadores e Informática"]' is displayed.</msg>
<status status="PASS" starttime="20221117 17:22:51.558" endtime="20221117 17:22:51.674"/>
</kw>
<status status="PASS" starttime="20221117 17:22:51.558" endtime="20221117 17:22:51.674"/>
</kw>
<status status="PASS" starttime="20221117 17:22:51.557" endtime="20221117 17:22:51.675"/>
</kw>
<kw name="Fechar o navegador" library="amazon_resources" type="TEARDOWN">
<kw name="Capture Page Screenshot" library="SeleniumLibrary">
<doc>Takes a screenshot of the current page and embeds it into a log file.</doc>
<msg timestamp="20221117 17:22:52.320" level="INFO" html="true">&lt;/td&gt;&lt;/tr&gt;&lt;tr&gt;&lt;td colspan="3"&gt;&lt;a href="selenium-screenshot-59.png"&gt;&lt;img src="selenium-screenshot-59.png" width="800px"&gt;&lt;/a&gt;</msg>
<status status="PASS" starttime="20221117 17:22:51.679" endtime="20221117 17:22:52.321"/>
</kw>
<kw name="Stop Gif Recording" library="ScreenCapLibrary">
<doc>Stops the GIF recording and generates the file. If ``embed`` argument was set to ``True`` the
GIF will be displayed in the log file. Furthermore, if the ``save_to_disk`` parameter is set to ``False``, the
video will be embedded and available in the log file only.</doc>
<msg timestamp="20221117 17:22:54.737" level="INFO" html="true">&lt;a href="screenshot_38.gif"&gt;&lt;img src="screenshot_38.gif" width="800px"&gt;&lt;/a&gt;</msg>
<status status="PASS" starttime="20221117 17:22:52.321" endtime="20221117 17:22:54.744"/>
</kw>
<kw name="Close Browser" library="SeleniumLibrary">
<doc>Closes the current browser.</doc>
<status status="PASS" starttime="20221117 17:22:54.744" endtime="20221117 17:22:56.957"/>
</kw>
<status status="PASS" starttime="20221117 17:22:51.678" endtime="20221117 17:22:56.957"/>
</kw>
<doc>O teste verifica o menu Eletrônicos do site amazon.com.br
e verifica a categoria computadores informatica</doc>
<tag>menus</tag>
<status status="PASS" starttime="20221117 17:22:37.567" endtime="20221117 17:22:56.957"/>
</test>
<doc>Essa suite teste o site da amazon.com.br</doc>
<status status="PASS" starttime="20221117 17:22:37.217" endtime="20221117 17:22:56.964"/>
</suite>
<statistics>
<total>
<stat pass="1" fail="0" skip="0">All Tests</stat>
</total>
<tag>
<stat pass="1" fail="0" skip="0">menus</stat>
</tag>
<suite>
<stat pass="1" fail="0" skip="0" id="s1" name="Amazon Testes Gherkin Bdd">Amazon Testes Gherkin Bdd</stat>
</suite>
</statistics>
<errors>
</errors>
</robot>
